<?xml version="1.0" encoding="UTF-8" ?>
<testsuite tests="17" failures="3" name="TestSuite" time="32.764" errors="0" skipped="0">
  <properties>
[...]
</properties>
  <testcase classname="com.crm.qa.testcases.CalenderPageTest" name="validateCalenderTest" time="0.1"/>
  <testcase classname="com.crm.qa.testcases.CasesPageTest" name="validateCasesPageTitleTest" time="2.239"/>
  <testcase classname="com.crm.qa.testcases.CompaniesPageTest" name="validateCompaniesPageTitleTest" time="1.774"/>
  <testcase classname="com.crm.qa.testcases.ContactPageTest" name="validateContactPageTitleTest" time="0.377">
    <failure message="expected [Cont3acts] but found [Contacts]" type="java.lang.AssertionError">java.lang.AssertionError: expected [Cont3acts] but found [Contacts]
	at org.testng.Assert.fail(Assert.java:99)
	at org.testng.Assert.failNotEquals(Assert.java:1037)
	at org.testng.Assert.assertEqualsImpl(Assert.java:140)
	at org.testng.Assert.assertEquals(Assert.java:122)
	at org.testng.Assert.assertEquals(Assert.java:629)
	at org.testng.Assert.assertEquals(Assert.java:639)
	at com.crm.qa.testcases.ContactPageTest.validateContactPageTitleTest(ContactPageTest.java:43)
</failure>
    <system-out>09-11-2021 01:48:23 TestBase.java INFO  [main] base.TestBase 55 - Chrome Driver Initiated
09-11-2021 01:48:29 TestBase.java INFO  [main] base.TestBase 30 - Properties object created
09-11-2021 01:48:29 TestBase.java INFO  [main] base.TestBase 35 - Propertied file loaded into property objec
09-11-2021 01:48:35 TestBase.java INFO  [main] base.TestBase 30 - Properties object created
09-11-2021 01:48:35 TestBase.java INFO  [main] base.TestBase 35 - Propertied file loaded into property objec
09-11-2021 01:48:38 TestBase.java INFO  [main] base.TestBase 30 - Properties object created
09-11-2021 01:48:38 TestBase.java INFO  [main] base.TestBase 35 - Propertied file loaded into property objec
09-11-2021 01:48:38 TestBase.java INFO  [main] base.TestBase 30 - Properties object created
09-11-2021 01:48:38 TestBase.java INFO  [main] base.TestBase 35 - Propertied file loaded into property objec
ContactPage Titel method
Test Case Fail
</system-out>
    <system-err>Starting ChromeDriver 93.0.4577.15 (660fc11082ba57405eca2e8c49c3e1af756fbfae-refs/branch-heads/4577@{#203}) on port 11633
Only local connections are allowed.
Please see https://chromedriver.chromium.org/security-considerations for suggestions on keeping ChromeDriver safe.
ChromeDriver was started successfully.
Sep 11, 2021 1:48:23 AM org.openqa.selenium.remote.ProtocolHandshake createSession
INFO: Detected dialect: W3C
</system-err>
  </testcase>
  <testcase classname="com.crm.qa.testcases.ContactPageTest" name="tearDown" time="0.381">
    <failure message="Cannot invoke &quot;com.relevantcodes.extentreports.ExtentTest.log(com.relevantcodes.extentreports.LogStatus, String)&quot; because &quot;this.logger&quot; is null" type="java.lang.NullPointerException">java.lang.NullPointerException: Cannot invoke &quot;com.relevantcodes.extentreports.ExtentTest.log(com.relevantcodes.extentreports.LogStatus, String)&quot; because &quot;this.logger&quot; is null
	at com.crm.qa.testcases.ContactPageTest.tearDown(ContactPageTest.java:85)
</failure>
  </testcase>
  <testcase classname="com.crm.qa.testcases.DealsPageTest" name="validateDealsPageTitleTest" time="2.629"/>
  <testcase classname="com.crm.qa.testcases.HomePageTest" name="validateLoggedInUserNameTest" time="1.925"/>
  <testcase classname="com.crm.qa.testcases.HomePageTest" name="validateContactPageLinkTest" time="2.586"/>
  <testcase classname="com.crm.qa.testcases.HomePageTest" name="validateDealsPageLinkTest" time="1.861"/>
  <testcase classname="com.crm.qa.testcases.HomePageTest" name="validateCompaniesPageLinkTest" time="2.305"/>
  <testcase classname="com.crm.qa.testcases.HomePageTest" name="validateTaskPageLinkTest" time="2.44"/>
  <testcase classname="com.crm.qa.testcases.HomePageTest" name="validateCasesPageLinkTest" time="2.623"/>
  <testcase classname="com.crm.qa.testcases.LoginPageTest" name="validateLoginBtnDisplayedTest" time="0.032"/>
  <testcase classname="com.crm.qa.testcases.LoginPageTest" name="validateLoginBtnTest" time="0.174"/>
  <testcase classname="com.crm.qa.testcases.LoginPageTest" name="loginPageTitleTest" time="0.008">
    <failure message="expected [#1x`Free CRM customer relationship management software cloud] but found [#1 Free CRM customer relationship management software cloud]" type="java.lang.AssertionError">java.lang.AssertionError: expected [#1x`Free CRM customer relationship management software cloud] but found [#1 Free CRM customer relationship management software cloud]
	at org.testng.Assert.fail(Assert.java:99)
	at org.testng.Assert.failNotEquals(Assert.java:1037)
	at org.testng.Assert.assertEqualsImpl(Assert.java:140)
	at org.testng.Assert.assertEquals(Assert.java:122)
	at org.testng.Assert.assertEquals(Assert.java:629)
	at org.testng.Assert.assertEquals(Assert.java:639)
	at com.crm.qa.testcases.LoginPageTest.loginPageTitleTest(LoginPageTest.java:36)
</failure>
    <system-out>09-11-2021 01:50:45 TestBase.java INFO  [main] base.TestBase 55 - Chrome Driver Initiated
09-11-2021 01:50:51 LoginPageTest.java INFO  [main] testcases.LoginPageTest 30 - calling chrome driver
09-11-2021 01:50:51 TestBase.java INFO  [main] base.TestBase 30 - Properties object created
09-11-2021 01:50:51 TestBase.java INFO  [main] base.TestBase 35 - Propertied file loaded into property objec
Test Case Fail
</system-out>
    <system-err>Starting ChromeDriver 93.0.4577.15 (660fc11082ba57405eca2e8c49c3e1af756fbfae-refs/branch-heads/4577@{#203}) on port 15819
Only local connections are allowed.
Please see https://chromedriver.chromium.org/security-considerations for suggestions on keeping ChromeDriver safe.
ChromeDriver was started successfully.
Sep 11, 2021 1:50:45 AM org.openqa.selenium.remote.ProtocolHandshake createSession
INFO: Detected dialect: W3C
</system-err>
  </testcase>
  <testcase classname="com.crm.qa.testcases.LoginPageTest" name="loginTest" time="7.92"/>
  <testcase classname="com.crm.qa.testcases.TaskPageTest" name="validateDealsPageTitleTest" time="3.39"/>
</testsuite>